Virtual User Script started at: 03.04.2021 3:34:37	[MsgId: MMSG-15967]
Starting action vuser_init.	[MsgId: MMSG-15919]
Web Turbo Replay of LoadRunner 12.55.0 for Windows 10; build 911 (èþë 24 2017 19:46:00)  	[MsgId: MMSG-26983]
Run mode: HTML  	[MsgId: MMSG-26993]
Replay user agent: Mozilla/5.0 (Windows NT 10.0; Win64; x64) AppleWebKit/537.36 (KHTML, like Gecko) Chrome/89.0.4389.90 Safari/537.36  	[MsgId: MMSG-26988]
Run-Time Settings file: "C:\Users\USER\AppData\Local\Temp\lr5tmpdirtBt.222\lrcfgBtw.223\cfgYnh.230"  	[MsgId: MMSG-27141]
Ending action vuser_init.	[MsgId: MMSG-15918]
Running Vuser...	[MsgId: MMSG-15964]
Starting iteration 1.	[MsgId: MMSG-15968]
Maximum number of concurrent connections per server: 6  	[MsgId: MMSG-26989]
Starting action Action.	[MsgId: MMSG-15919]
Action.c(7): Notify: Transaction "UC_04_BuyTickets" started.	[MsgId: MMSG-16999]
Action.c(9): Notify: Transaction "open_main_page" started.	[MsgId: MMSG-16999]
Action.c(11): web_add_auto_header("Upgrade-Insecure-Requests") started  	[MsgId: MMSG-26355]
Action.c(11): web_add_auto_header("Upgrade-Insecure-Requests") was successful  	[MsgId: MMSG-26392]
Action.c(14): web_reg_find started  	[MsgId: MMSG-26355]
Action.c(14): Registering web_reg_find was successful  	[MsgId: MMSG-26390]
Action.c(17): web_url("WebTours") started  	[MsgId: MMSG-26355]
Action.c(17): Detected non-resource "http://localhost:1080/WebTours/header.html" in "http://localhost:1080/WebTours/"  	[MsgId: MMSG-26574]
Action.c(17): Detected non-resource "http://localhost:1080/cgi-bin/welcome.pl?signOff=true" in "http://localhost:1080/WebTours/"  	[MsgId: MMSG-26574]
Action.c(17): Found resource "http://localhost:1080/WebTours/images/hp_logo.png" in HTML "http://localhost:1080/WebTours/header.html"  	[MsgId: MMSG-26659]
Action.c(17): Found resource "http://localhost:1080/WebTours/images/webtours.png" in HTML "http://localhost:1080/WebTours/header.html"  	[MsgId: MMSG-26659]
Action.c(17): Detected non-resource "http://localhost:1080/cgi-bin/nav.pl?in=home" in "http://localhost:1080/cgi-bin/welcome.pl?signOff=true"  	[MsgId: MMSG-26574]
Action.c(17): Detected non-resource "http://localhost:1080/WebTours/home.html" in "http://localhost:1080/cgi-bin/welcome.pl?signOff=true"  	[MsgId: MMSG-26574]
Action.c(17): Found resource "http://localhost:1080/WebTours/images/mer_login.gif" in HTML "http://localhost:1080/cgi-bin/nav.pl?in=home"  	[MsgId: MMSG-26659]
Action.c(17): Registered web_reg_find successful for "Text=Welcome to the Web Tours site." (count=1)  	[MsgId: MMSG-26364]
Action.c(17): web_url("WebTours") was successful, 10080 body bytes, 2373 header bytes, 24 chunking overhead bytes  	[MsgId: MMSG-26385]
Action.c(25): Notify: Transaction "open_main_page" ended with a "Pass" status (Duration: 0,4100 Wasted Time: 0,0001).	[MsgId: MMSG-16871]
Action.c(27): Notify: Transaction "login" started.	[MsgId: MMSG-16999]
Action.c(29): web_set_sockets_option started  	[MsgId: MMSG-26355]
Action.c(29): web_set_sockets_option was successful  	[MsgId: MMSG-26392]
Action.c(31): web_add_header("Origin") started  	[MsgId: MMSG-26355]
Action.c(31): web_add_header("Origin") was successful  	[MsgId: MMSG-26392]
Action.c(34): web_reg_find started  	[MsgId: MMSG-26355]
Action.c(34): Notify: Parameter Substitution: parameter "username" =  "username1"	[MsgId: MMSG-13992]
Action.c(34): Registering web_reg_find was successful  	[MsgId: MMSG-26390]
Action.c(37): web_submit_form("login.pl") started  	[MsgId: MMSG-26355]
Action.c(37): Notify: Parameter Substitution: parameter "username" =  "username1"	[MsgId: MMSG-13992]
Action.c(37): Notify: Next row for parameter password = 1 [table  = password].	[MsgId: MMSG-13876]
Action.c(37): Notify: Parameter Substitution: parameter "password" =  "pass1"	[MsgId: MMSG-13992]
Action.c(37): Submitting form to "http://localhost:1080/cgi-bin/login.pl", Target Frame="body"  	[MsgId: MMSG-27978]
Action.c(37): Detected non-resource "http://localhost:1080/cgi-bin/nav.pl?page=menu&in=home" in "http://localhost:1080/cgi-bin/login.pl"  	[MsgId: MMSG-26574]
Action.c(37): Detected non-resource "http://localhost:1080/cgi-bin/login.pl?intro=true" in "http://localhost:1080/cgi-bin/login.pl"  	[MsgId: MMSG-26574]
Action.c(37): Found resource "http://localhost:1080/WebTours/images/flights.gif" in HTML "http://localhost:1080/cgi-bin/nav.pl?page=menu&in=home"  	[MsgId: MMSG-26659]
Action.c(37): Found resource "http://localhost:1080/WebTours/images/itinerary.gif" in HTML "http://localhost:1080/cgi-bin/nav.pl?page=menu&in=home"  	[MsgId: MMSG-26659]
Action.c(37): Found resource "http://localhost:1080/WebTours/images/in_home.gif" in HTML "http://localhost:1080/cgi-bin/nav.pl?page=menu&in=home"  	[MsgId: MMSG-26659]
Action.c(37): Found resource "http://localhost:1080/WebTours/images/signoff.gif" in HTML "http://localhost:1080/cgi-bin/nav.pl?page=menu&in=home"  	[MsgId: MMSG-26659]
Action.c(37): Registered web_reg_find successful for "Text=Welcome, <b>username1</b>, to the Web Tours reservation pages." (count=1)  	[MsgId: MMSG-26364]
Action.c(37): web_submit_form("login.pl") was successful, 5784 body bytes, 2070 header bytes, 36 chunking overhead bytes  	[MsgId: MMSG-26385]
Action.c(44): Notify: Transaction "login" ended with a "Pass" status (Duration: 0,4801 Wasted Time: 0,0001).	[MsgId: MMSG-16871]
Action.c(46): Notify: Transaction "open_flights_page" started.	[MsgId: MMSG-16999]
Action.c(48): web_reg_save_param_regexp started  	[MsgId: MMSG-26355]
Action.c(48): Registering web_reg_save_param_regexp was successful  	[MsgId: MMSG-26390]
Action.c(55): web_reg_save_param_regexp started  	[MsgId: MMSG-26355]
Action.c(55): Registering web_reg_save_param_regexp was successful  	[MsgId: MMSG-26390]
Action.c(62): web_reg_save_param_regexp started  	[MsgId: MMSG-26355]
Action.c(62): Registering web_reg_save_param_regexp was successful  	[MsgId: MMSG-26390]
Action.c(69): web_reg_find started  	[MsgId: MMSG-26355]
Action.c(69): Registering web_reg_find was successful  	[MsgId: MMSG-26390]
Action.c(72): web_reg_find started  	[MsgId: MMSG-26355]
Action.c(72): Registering web_reg_find was successful  	[MsgId: MMSG-26390]
Action.c(75): web_image("Search Flights Button") started  	[MsgId: MMSG-26355]
Action.c(75): Image-linking to "http://localhost:1080/cgi-bin/welcome.pl?page=search", Target Frame="body"  	[MsgId: MMSG-27993]
Action.c(75): Detected non-resource "http://localhost:1080/cgi-bin/nav.pl?page=menu&in=flights" in "http://localhost:1080/cgi-bin/welcome.pl?page=search"  	[MsgId: MMSG-26574]
Action.c(75): Detected non-resource "http://localhost:1080/cgi-bin/reservations.pl?page=welcome" in "http://localhost:1080/cgi-bin/welcome.pl?page=search"  	[MsgId: MMSG-26574]
Action.c(75): Found resource "http://localhost:1080/WebTours/images/in_flights.gif" in HTML "http://localhost:1080/cgi-bin/nav.pl?page=menu&in=flights"  	[MsgId: MMSG-26659]
Action.c(75): Resource "http://localhost:1080/WebTours/images/itinerary.gif" is in the cache already and will not be downloaded again  	[MsgId: MMSG-26655]
Action.c(75): Found resource "http://localhost:1080/WebTours/images/home.gif" in HTML "http://localhost:1080/cgi-bin/nav.pl?page=menu&in=flights"  	[MsgId: MMSG-26659]
Action.c(75): Resource "http://localhost:1080/WebTours/images/signoff.gif" is in the cache already and will not be downloaded again  	[MsgId: MMSG-26655]
Action.c(75): Found resource "http://localhost:1080/WebTours/images/button_next.gif" in HTML "http://localhost:1080/cgi-bin/reservations.pl?page=welcome"  	[MsgId: MMSG-26659]
Action.c(75): Notify: Saving Parameter "cities_1 = Denver".	[MsgId: MMSG-13798]
Action.c(75): Notify: Saving Parameter "cities_2 = Frankfurt".	[MsgId: MMSG-13798]
Action.c(75): Notify: Saving Parameter "cities_3 = London".	[MsgId: MMSG-13798]
Action.c(75): Notify: Saving Parameter "cities_4 = Los Angeles".	[MsgId: MMSG-13798]
Action.c(75): Notify: Saving Parameter "cities_5 = Paris".	[MsgId: MMSG-13798]
Action.c(75): Notify: Saving Parameter "cities_6 = Portland".	[MsgId: MMSG-13798]
Action.c(75): Notify: Saving Parameter "cities_7 = San Francisco".	[MsgId: MMSG-13798]
Action.c(75): Notify: Saving Parameter "cities_8 = Seattle".	[MsgId: MMSG-13798]
Action.c(75): Notify: Saving Parameter "cities_9 = Sydney".	[MsgId: MMSG-13798]
Action.c(75): Notify: Saving Parameter "cities_10 = Zurich".	[MsgId: MMSG-13798]
Action.c(75): Notify: Saving Parameter "cities_11 = Denver".	[MsgId: MMSG-13798]
Action.c(75): Notify: Saving Parameter "cities_12 = Frankfurt".	[MsgId: MMSG-13798]
Action.c(75): Notify: Saving Parameter "cities_13 = London".	[MsgId: MMSG-13798]
Action.c(75): Notify: Saving Parameter "cities_14 = Los Angeles".	[MsgId: MMSG-13798]
Action.c(75): Notify: Saving Parameter "cities_15 = Paris".	[MsgId: MMSG-13798]
Action.c(75): Notify: Saving Parameter "cities_16 = Portland".	[MsgId: MMSG-13798]
Action.c(75): Notify: Saving Parameter "cities_17 = San Francisco".	[MsgId: MMSG-13798]
Action.c(75): Notify: Saving Parameter "cities_18 = Seattle".	[MsgId: MMSG-13798]
Action.c(75): Notify: Saving Parameter "cities_19 = Sydney".	[MsgId: MMSG-13798]
Action.c(75): Notify: Saving Parameter "cities_20 = Zurich".	[MsgId: MMSG-13798]
Action.c(75): Notify: Saving Parameter "seatPrefs_1 = Aisle".	[MsgId: MMSG-13798]
Action.c(75): Notify: Saving Parameter "seatPrefs_2 = Window".	[MsgId: MMSG-13798]
Action.c(75): Notify: Saving Parameter "seatPrefs_3 = None".	[MsgId: MMSG-13798]
Action.c(75): Notify: Saving Parameter "seatTypes_1 = First".	[MsgId: MMSG-13798]
Action.c(75): Notify: Saving Parameter "seatTypes_2 = Business".	[MsgId: MMSG-13798]
Action.c(75): Notify: Saving Parameter "seatTypes_3 = Coach".	[MsgId: MMSG-13798]
Action.c(75): Notify: Saving Parameter "cities_count = 20".	[MsgId: MMSG-13798]
Action.c(75): Notify: Saving Parameter "seatPrefs_count = 3".	[MsgId: MMSG-13798]
Action.c(75): Notify: Saving Parameter "seatTypes_count = 3".	[MsgId: MMSG-13798]
Action.c(75): Registered web_reg_find successful for "Text=<title>Flight Selections</title>" (count=1)  	[MsgId: MMSG-26364]
Action.c(75): Registered web_reg_find successful for "Text=Departure City :" (count=1)  	[MsgId: MMSG-26364]
Action.c(75): web_image("Search Flights Button") was successful, 8516 body bytes, 1616 header bytes, 43 chunking overhead bytes  	[MsgId: MMSG-26385]
Action.c(80): Notify: Parameter Substitution: parameter "cities_count" =  "20"	[MsgId: MMSG-13992]
Action.c(80): Notify: Parameter Substitution: parameter "cities_7" =  "San Francisco"	[MsgId: MMSG-13992]
Action.c(80): Notify: Saving Parameter "departureCity = San Francisco".	[MsgId: MMSG-13798]
Action.c(81): Notify: Parameter Substitution: parameter "cities_count" =  "20"	[MsgId: MMSG-13992]
Action.c(81): Notify: Parameter Substitution: parameter "cities_13" =  "London"	[MsgId: MMSG-13992]
Action.c(81): Notify: Saving Parameter "arrivalCity = London".	[MsgId: MMSG-13798]
Action.c(82): Notify: Parameter Substitution: parameter "departureCity" =  "San Francisco"	[MsgId: MMSG-13992]
Action.c(82): Notify: Parameter Substitution: parameter "arrivalCity" =  "London"	[MsgId: MMSG-13992]
Action.c(87): Notify: Parameter Substitution: parameter "seatPrefs_count" =  "3"	[MsgId: MMSG-13992]
Action.c(87): Notify: Parameter Substitution: parameter "seatPrefs_1" =  "Aisle"	[MsgId: MMSG-13992]
Action.c(87): Notify: Saving Parameter "seatPref = Aisle".	[MsgId: MMSG-13798]
Action.c(88): Notify: Parameter Substitution: parameter "seatTypes_count" =  "3"	[MsgId: MMSG-13992]
Action.c(88): Notify: Parameter Substitution: parameter "seatTypes_1" =  "First"	[MsgId: MMSG-13992]
Action.c(88): Notify: Saving Parameter "seatType = First".	[MsgId: MMSG-13798]
Action.c(90): Notify: Transaction "open_flights_page" ended with a "Pass" status (Duration: 0,2126 Wasted Time: 0,0032).	[MsgId: MMSG-16871]
Action.c(92): Notify: Transaction "search_flights" started.	[MsgId: MMSG-16999]
Action.c(94): web_add_auto_header("Origin") started  	[MsgId: MMSG-26355]
Action.c(94): web_add_auto_header("Origin") was successful  	[MsgId: MMSG-26392]
Action.c(97): web_reg_save_param_regexp started  	[MsgId: MMSG-26355]
Action.c(97): Registering web_reg_save_param_regexp was successful  	[MsgId: MMSG-26390]
Action.c(111): web_reg_find started  	[MsgId: MMSG-26355]
Action.c(111): Notify: Parameter Substitution: parameter "departureCity" =  "San Francisco"	[MsgId: MMSG-13992]
Action.c(111): Notify: Parameter Substitution: parameter "arrivalCity" =  "London"	[MsgId: MMSG-13992]
Action.c(111): Notify: Parameter Substitution: parameter "departureDate" =  "04/06/2021"	[MsgId: MMSG-13992]
Action.c(111): Registering web_reg_find was successful  	[MsgId: MMSG-26390]
Action.c(114): web_submit_form("reservations.pl") started  	[MsgId: MMSG-26355]
Action.c(114): Notify: Parameter Substitution: parameter "departureCity" =  "San Francisco"	[MsgId: MMSG-13992]
Action.c(114): Notify: Parameter Substitution: parameter "departureDate" =  "04/06/2021"	[MsgId: MMSG-13992]
Action.c(114): Notify: Parameter Substitution: parameter "arrivalCity" =  "London"	[MsgId: MMSG-13992]
Action.c(114): Notify: Parameter Substitution: parameter "arrivalDate" =  "04/08/2021"	[MsgId: MMSG-13992]
Action.c(114): Notify: Parameter Substitution: parameter "passengersNum" =  "4"	[MsgId: MMSG-13992]
Action.c(114): Notify: Parameter Substitution: parameter "seatPref" =  "Aisle"	[MsgId: MMSG-13992]
Action.c(114): Notify: Parameter Substitution: parameter "seatType" =  "First"	[MsgId: MMSG-13992]
Action.c(114): Submitting form to "http://localhost:1080/cgi-bin/reservations.pl", Target Frame=""  	[MsgId: MMSG-27978]
Action.c(114): Resource "http://localhost:1080/WebTours/images/button_next.gif" is in the cache already and will not be downloaded again  	[MsgId: MMSG-26655]
Action.c(114): Notify: Saving Parameter "flightNums_1 = 620;1099;04/06/2021".	[MsgId: MMSG-13798]
Action.c(114): Notify: Saving Parameter "flightNums_2 = 621;979;04/06/2021".	[MsgId: MMSG-13798]
Action.c(114): Notify: Saving Parameter "flightNums_3 = 622;1039;04/06/2021".	[MsgId: MMSG-13798]
Action.c(114): Notify: Saving Parameter "flightNums_4 = 623;899;04/06/2021".	[MsgId: MMSG-13798]
Action.c(114): Notify: Saving Parameter "flightNums_count = 4".	[MsgId: MMSG-13798]
Action.c(114): Registered web_reg_find successful for "Text=Flight departing from <B>San Francisco</B> to <B>London</B> on <B>04/06/2021</B>" (count=1)  	[MsgId: MMSG-26364]
Action.c(114): web_submit_form("reservations.pl") was successful, 2455 body bytes, 255 header bytes, 12 chunking overhead bytes  	[MsgId: MMSG-26385]
Action.c(129): Notify: Parameter Substitution: parameter "flightNums_count" =  "4"	[MsgId: MMSG-13992]
Action.c(129): Notify: Parameter Substitution: parameter "flightNums_3" =  "622;1039;04/06/2021"	[MsgId: MMSG-13992]
Action.c(129): Notify: Saving Parameter "flightNum = 622;1039;04/06/2021".	[MsgId: MMSG-13798]
Action.c(139): Notify: Transaction "search_flights" ended with a "Pass" status (Duration: 0,0967 Wasted Time: 0,0004).	[MsgId: MMSG-16871]
Action.c(141): Notify: Transaction "choose_flight" started.	[MsgId: MMSG-16999]
Action.c(143): web_reg_find started  	[MsgId: MMSG-26355]
Action.c(143): Registering web_reg_find was successful  	[MsgId: MMSG-26390]
Action.c(149): web_submit_form("reservations.pl_2") started  	[MsgId: MMSG-26355]
Action.c(149): Notify: Parameter Substitution: parameter "flightNum" =  "622;1039;04/06/2021"	[MsgId: MMSG-13992]
Action.c(149): Submitting form to "http://localhost:1080/cgi-bin/reservations.pl", Target Frame=""  	[MsgId: MMSG-27978]
Action.c(149): Resource "http://localhost:1080/WebTours/images/button_next.gif" is in the cache already and will not be downloaded again  	[MsgId: MMSG-26655]
Action.c(149): Registered web_reg_find successful for "Text=<title>Flight Reservation</title>" (count=1)  	[MsgId: MMSG-26364]
Action.c(149): web_submit_form("reservations.pl_2") was successful, 2958 body bytes, 255 header bytes, 12 chunking overhead bytes  	[MsgId: MMSG-26385]
Action.c(157): Notify: Transaction "choose_flight" ended with a "Pass" status (Duration: 0,1650 Wasted Time: 0,0000).	[MsgId: MMSG-16871]
Action.c(159): Notify: Transaction "buy_ticket" started.	[MsgId: MMSG-16999]
Action.c(161): web_remove_auto_header("Origin") started  	[MsgId: MMSG-26355]
Action.c(161): Previous automatically added web header for "Origin" removed  	[MsgId: MMSG-26587]
Action.c(161): web_remove/revert_auto_header("Origin") was successful  	[MsgId: MMSG-26392]
Action.c(163): web_remove_auto_header("Upgrade-Insecure-Requests") started  	[MsgId: MMSG-26355]
Action.c(163): Previous automatically added web header for "Upgrade-Insecure-Requests" removed  	[MsgId: MMSG-26587]
Action.c(163): web_remove/revert_auto_header("Upgrade-Insecure-Requests") was successful  	[MsgId: MMSG-26392]
Action.c(165): web_add_header("Origin") started  	[MsgId: MMSG-26355]
Action.c(165): web_add_header("Origin") was successful  	[MsgId: MMSG-26392]
Action.c(168): lr_think_time: 21,00 seconds.	[MsgId: MMSG-15948]
Virtual User Script started at: 03.04.2021 3:34:48	[MsgId: MMSG-15967]
Starting action vuser_init.	[MsgId: MMSG-15919]
Web Turbo Replay of LoadRunner 12.55.0 for Windows 10; build 911 (èþë 24 2017 19:46:00)  	[MsgId: MMSG-26983]
Run mode: HTML  	[MsgId: MMSG-26993]
Replay user agent: Mozilla/5.0 (Windows NT 10.0; Win64; x64) AppleWebKit/537.36 (KHTML, like Gecko) Chrome/89.0.4389.90 Safari/537.36  	[MsgId: MMSG-26988]
Run-Time Settings file: "C:\Users\USER\AppData\Local\Temp\lr5tmpdirtBt.222\lrcfgBtw.223\cfgYnh.230"  	[MsgId: MMSG-27141]
Ending action vuser_init.	[MsgId: MMSG-15918]
Running Vuser...	[MsgId: MMSG-15964]
Starting iteration 1.	[MsgId: MMSG-15968]
Maximum number of concurrent connections per server: 6  	[MsgId: MMSG-26989]
Starting action Action.	[MsgId: MMSG-15919]
Action.c(7): Notify: Transaction "UC_04_BuyTickets" started.	[MsgId: MMSG-16999]
Action.c(9): Notify: Transaction "open_main_page" started.	[MsgId: MMSG-16999]
Action.c(11): web_add_auto_header("Upgrade-Insecure-Requests") started  	[MsgId: MMSG-26355]
Action.c(11): web_add_auto_header("Upgrade-Insecure-Requests") was successful  	[MsgId: MMSG-26392]
Action.c(14): web_reg_find started  	[MsgId: MMSG-26355]
Action.c(14): Registering web_reg_find was successful  	[MsgId: MMSG-26390]
Action.c(17): web_url("WebTours") started  	[MsgId: MMSG-26355]
Action.c(17): Detected non-resource "http://localhost:1080/WebTours/header.html" in "http://localhost:1080/WebTours/"  	[MsgId: MMSG-26574]
Action.c(17): Detected non-resource "http://localhost:1080/cgi-bin/welcome.pl?signOff=true" in "http://localhost:1080/WebTours/"  	[MsgId: MMSG-26574]
Action.c(17): Found resource "http://localhost:1080/WebTours/images/hp_logo.png" in HTML "http://localhost:1080/WebTours/header.html"  	[MsgId: MMSG-26659]
Action.c(17): Found resource "http://localhost:1080/WebTours/images/webtours.png" in HTML "http://localhost:1080/WebTours/header.html"  	[MsgId: MMSG-26659]
Action.c(17): Detected non-resource "http://localhost:1080/cgi-bin/nav.pl?in=home" in "http://localhost:1080/cgi-bin/welcome.pl?signOff=true"  	[MsgId: MMSG-26574]
Action.c(17): Detected non-resource "http://localhost:1080/WebTours/home.html" in "http://localhost:1080/cgi-bin/welcome.pl?signOff=true"  	[MsgId: MMSG-26574]
Action.c(17): Found resource "http://localhost:1080/WebTours/images/mer_login.gif" in HTML "http://localhost:1080/cgi-bin/nav.pl?in=home"  	[MsgId: MMSG-26659]
Action.c(17): Registered web_reg_find successful for "Text=Welcome to the Web Tours site." (count=1)  	[MsgId: MMSG-26364]
Action.c(17): web_url("WebTours") was successful, 10070 body bytes, 2373 header bytes, 24 chunking overhead bytes  	[MsgId: MMSG-26385]
Action.c(25): Notify: Transaction "open_main_page" ended with a "Pass" status (Duration: 0,1630 Wasted Time: 0,0000).	[MsgId: MMSG-16871]
Action.c(27): Notify: Transaction "login" started.	[MsgId: MMSG-16999]
Action.c(29): web_set_sockets_option started  	[MsgId: MMSG-26355]
Action.c(29): web_set_sockets_option was successful  	[MsgId: MMSG-26392]
Action.c(31): web_add_header("Origin") started  	[MsgId: MMSG-26355]
Action.c(31): web_add_header("Origin") was successful  	[MsgId: MMSG-26392]
Action.c(34): web_reg_find started  	[MsgId: MMSG-26355]
Action.c(34): Notify: Parameter Substitution: parameter "username" =  "username1"	[MsgId: MMSG-13992]
Action.c(34): Registering web_reg_find was successful  	[MsgId: MMSG-26390]
Action.c(37): web_submit_form("login.pl") started  	[MsgId: MMSG-26355]
Action.c(37): Notify: Parameter Substitution: parameter "username" =  "username1"	[MsgId: MMSG-13992]
Action.c(37): Notify: Next row for parameter password = 1 [table  = password].	[MsgId: MMSG-13876]
Action.c(37): Notify: Parameter Substitution: parameter "password" =  "pass1"	[MsgId: MMSG-13992]
Action.c(37): Submitting form to "http://localhost:1080/cgi-bin/login.pl", Target Frame="body"  	[MsgId: MMSG-27978]
Action.c(37): Detected non-resource "http://localhost:1080/cgi-bin/nav.pl?page=menu&in=home" in "http://localhost:1080/cgi-bin/login.pl"  	[MsgId: MMSG-26574]
Action.c(37): Detected non-resource "http://localhost:1080/cgi-bin/login.pl?intro=true" in "http://localhost:1080/cgi-bin/login.pl"  	[MsgId: MMSG-26574]
Action.c(37): Found resource "http://localhost:1080/WebTours/images/flights.gif" in HTML "http://localhost:1080/cgi-bin/nav.pl?page=menu&in=home"  	[MsgId: MMSG-26659]
Action.c(37): Found resource "http://localhost:1080/WebTours/images/itinerary.gif" in HTML "http://localhost:1080/cgi-bin/nav.pl?page=menu&in=home"  	[MsgId: MMSG-26659]
Action.c(37): Found resource "http://localhost:1080/WebTours/images/in_home.gif" in HTML "http://localhost:1080/cgi-bin/nav.pl?page=menu&in=home"  	[MsgId: MMSG-26659]
Action.c(37): Found resource "http://localhost:1080/WebTours/images/signoff.gif" in HTML "http://localhost:1080/cgi-bin/nav.pl?page=menu&in=home"  	[MsgId: MMSG-26659]
Action.c(37): Registered web_reg_find successful for "Text=Welcome, <b>username1</b>, to the Web Tours reservation pages." (count=1)  	[MsgId: MMSG-26364]
Action.c(37): web_submit_form("login.pl") was successful, 5784 body bytes, 2070 header bytes, 36 chunking overhead bytes  	[MsgId: MMSG-26385]
Action.c(44): Notify: Transaction "login" ended with a "Pass" status (Duration: 0,4105 Wasted Time: 0,0000).	[MsgId: MMSG-16871]
Action.c(46): Notify: Transaction "open_flights_page" started.	[MsgId: MMSG-16999]
Action.c(48): web_reg_save_param_regexp started  	[MsgId: MMSG-26355]
Action.c(48): Registering web_reg_save_param_regexp was successful  	[MsgId: MMSG-26390]
Action.c(55): web_reg_save_param_regexp started  	[MsgId: MMSG-26355]
Action.c(55): Registering web_reg_save_param_regexp was successful  	[MsgId: MMSG-26390]
Action.c(62): web_reg_save_param_regexp started  	[MsgId: MMSG-26355]
Action.c(62): Registering web_reg_save_param_regexp was successful  	[MsgId: MMSG-26390]
Action.c(69): web_reg_find started  	[MsgId: MMSG-26355]
Action.c(69): Registering web_reg_find was successful  	[MsgId: MMSG-26390]
Action.c(72): web_reg_find started  	[MsgId: MMSG-26355]
Action.c(72): Registering web_reg_find was successful  	[MsgId: MMSG-26390]
Action.c(75): web_image("Search Flights Button") started  	[MsgId: MMSG-26355]
Action.c(75): Image-linking to "http://localhost:1080/cgi-bin/welcome.pl?page=search", Target Frame="body"  	[MsgId: MMSG-27993]
Action.c(75): Detected non-resource "http://localhost:1080/cgi-bin/nav.pl?page=menu&in=flights" in "http://localhost:1080/cgi-bin/welcome.pl?page=search"  	[MsgId: MMSG-26574]
Action.c(75): Detected non-resource "http://localhost:1080/cgi-bin/reservations.pl?page=welcome" in "http://localhost:1080/cgi-bin/welcome.pl?page=search"  	[MsgId: MMSG-26574]
Action.c(75): Found resource "http://localhost:1080/WebTours/images/in_flights.gif" in HTML "http://localhost:1080/cgi-bin/nav.pl?page=menu&in=flights"  	[MsgId: MMSG-26659]
Action.c(75): Resource "http://localhost:1080/WebTours/images/itinerary.gif" is in the cache already and will not be downloaded again  	[MsgId: MMSG-26655]
Action.c(75): Found resource "http://localhost:1080/WebTours/images/home.gif" in HTML "http://localhost:1080/cgi-bin/nav.pl?page=menu&in=flights"  	[MsgId: MMSG-26659]
Action.c(75): Resource "http://localhost:1080/WebTours/images/signoff.gif" is in the cache already and will not be downloaded again  	[MsgId: MMSG-26655]
Action.c(75): Found resource "http://localhost:1080/WebTours/images/button_next.gif" in HTML "http://localhost:1080/cgi-bin/reservations.pl?page=welcome"  	[MsgId: MMSG-26659]
Action.c(75): Notify: Saving Parameter "cities_1 = Denver".	[MsgId: MMSG-13798]
Action.c(75): Notify: Saving Parameter "cities_2 = Frankfurt".	[MsgId: MMSG-13798]
Action.c(75): Notify: Saving Parameter "cities_3 = London".	[MsgId: MMSG-13798]
Action.c(75): Notify: Saving Parameter "cities_4 = Los Angeles".	[MsgId: MMSG-13798]
Action.c(75): Notify: Saving Parameter "cities_5 = Paris".	[MsgId: MMSG-13798]
Action.c(75): Notify: Saving Parameter "cities_6 = Portland".	[MsgId: MMSG-13798]
Action.c(75): Notify: Saving Parameter "cities_7 = San Francisco".	[MsgId: MMSG-13798]
Action.c(75): Notify: Saving Parameter "cities_8 = Seattle".	[MsgId: MMSG-13798]
Action.c(75): Notify: Saving Parameter "cities_9 = Sydney".	[MsgId: MMSG-13798]
Action.c(75): Notify: Saving Parameter "cities_10 = Zurich".	[MsgId: MMSG-13798]
Action.c(75): Notify: Saving Parameter "cities_11 = Denver".	[MsgId: MMSG-13798]
Action.c(75): Notify: Saving Parameter "cities_12 = Frankfurt".	[MsgId: MMSG-13798]
Action.c(75): Notify: Saving Parameter "cities_13 = London".	[MsgId: MMSG-13798]
Action.c(75): Notify: Saving Parameter "cities_14 = Los Angeles".	[MsgId: MMSG-13798]
Action.c(75): Notify: Saving Parameter "cities_15 = Paris".	[MsgId: MMSG-13798]
Action.c(75): Notify: Saving Parameter "cities_16 = Portland".	[MsgId: MMSG-13798]
Action.c(75): Notify: Saving Parameter "cities_17 = San Francisco".	[MsgId: MMSG-13798]
Action.c(75): Notify: Saving Parameter "cities_18 = Seattle".	[MsgId: MMSG-13798]
Action.c(75): Notify: Saving Parameter "cities_19 = Sydney".	[MsgId: MMSG-13798]
Action.c(75): Notify: Saving Parameter "cities_20 = Zurich".	[MsgId: MMSG-13798]
Action.c(75): Notify: Saving Parameter "seatPrefs_1 = Aisle".	[MsgId: MMSG-13798]
Action.c(75): Notify: Saving Parameter "seatPrefs_2 = Window".	[MsgId: MMSG-13798]
Action.c(75): Notify: Saving Parameter "seatPrefs_3 = None".	[MsgId: MMSG-13798]
Action.c(75): Notify: Saving Parameter "seatTypes_1 = First".	[MsgId: MMSG-13798]
Action.c(75): Notify: Saving Parameter "seatTypes_2 = Business".	[MsgId: MMSG-13798]
Action.c(75): Notify: Saving Parameter "seatTypes_3 = Coach".	[MsgId: MMSG-13798]
Action.c(75): Notify: Saving Parameter "cities_count = 20".	[MsgId: MMSG-13798]
Action.c(75): Notify: Saving Parameter "seatPrefs_count = 3".	[MsgId: MMSG-13798]
Action.c(75): Notify: Saving Parameter "seatTypes_count = 3".	[MsgId: MMSG-13798]
Action.c(75): Registered web_reg_find successful for "Text=<title>Flight Selections</title>" (count=1)  	[MsgId: MMSG-26364]
Action.c(75): Registered web_reg_find successful for "Text=Departure City :" (count=1)  	[MsgId: MMSG-26364]
Action.c(75): web_image("Search Flights Button") was successful, 8516 body bytes, 1616 header bytes, 43 chunking overhead bytes  	[MsgId: MMSG-26385]
Action.c(80): Notify: Parameter Substitution: parameter "cities_count" =  "20"	[MsgId: MMSG-13992]
Action.c(80): Notify: Parameter Substitution: parameter "cities_3" =  "London"	[MsgId: MMSG-13992]
Action.c(80): Notify: Saving Parameter "departureCity = London".	[MsgId: MMSG-13798]
Action.c(81): Notify: Parameter Substitution: parameter "cities_count" =  "20"	[MsgId: MMSG-13992]
Action.c(81): Notify: Parameter Substitution: parameter "cities_2" =  "Frankfurt"	[MsgId: MMSG-13992]
Action.c(81): Notify: Saving Parameter "arrivalCity = Frankfurt".	[MsgId: MMSG-13798]
Action.c(82): Notify: Parameter Substitution: parameter "departureCity" =  "London"	[MsgId: MMSG-13992]
Action.c(82): Notify: Parameter Substitution: parameter "arrivalCity" =  "Frankfurt"	[MsgId: MMSG-13992]
Action.c(87): Notify: Parameter Substitution: parameter "seatPrefs_count" =  "3"	[MsgId: MMSG-13992]
Action.c(87): Notify: Parameter Substitution: parameter "seatPrefs_1" =  "Aisle"	[MsgId: MMSG-13992]
Action.c(87): Notify: Saving Parameter "seatPref = Aisle".	[MsgId: MMSG-13798]
Action.c(88): Notify: Parameter Substitution: parameter "seatTypes_count" =  "3"	[MsgId: MMSG-13992]
Action.c(88): Notify: Parameter Substitution: parameter "seatTypes_3" =  "Coach"	[MsgId: MMSG-13992]
Action.c(88): Notify: Saving Parameter "seatType = Coach".	[MsgId: MMSG-13798]
Action.c(90): Notify: Transaction "open_flights_page" ended with a "Pass" status (Duration: 0,2279 Wasted Time: 0,0028).	[MsgId: MMSG-16871]
Action.c(92): Notify: Transaction "search_flights" started.	[MsgId: MMSG-16999]
Action.c(94): web_add_auto_header("Origin") started  	[MsgId: MMSG-26355]
Action.c(94): web_add_auto_header("Origin") was successful  	[MsgId: MMSG-26392]
Action.c(97): web_reg_save_param_regexp started  	[MsgId: MMSG-26355]
Action.c(97): Registering web_reg_save_param_regexp was successful  	[MsgId: MMSG-26390]
Action.c(111): web_reg_find started  	[MsgId: MMSG-26355]
Action.c(111): Notify: Parameter Substitution: parameter "departureCity" =  "London"	[MsgId: MMSG-13992]
Action.c(111): Notify: Parameter Substitution: parameter "arrivalCity" =  "Frankfurt"	[MsgId: MMSG-13992]
Action.c(111): Notify: Parameter Substitution: parameter "departureDate" =  "04/06/2021"	[MsgId: MMSG-13992]
Action.c(111): Registering web_reg_find was successful  	[MsgId: MMSG-26390]
Action.c(114): web_submit_form("reservations.pl") started  	[MsgId: MMSG-26355]
Action.c(114): Notify: Parameter Substitution: parameter "departureCity" =  "London"	[MsgId: MMSG-13992]
Action.c(114): Notify: Parameter Substitution: parameter "departureDate" =  "04/06/2021"	[MsgId: MMSG-13992]
Action.c(114): Notify: Parameter Substitution: parameter "arrivalCity" =  "Frankfurt"	[MsgId: MMSG-13992]
Action.c(114): Notify: Parameter Substitution: parameter "arrivalDate" =  "04/08/2021"	[MsgId: MMSG-13992]
Action.c(114): Notify: Parameter Substitution: parameter "passengersNum" =  "3"	[MsgId: MMSG-13992]
Action.c(114): Notify: Parameter Substitution: parameter "seatPref" =  "Aisle"	[MsgId: MMSG-13992]
Action.c(114): Notify: Parameter Substitution: parameter "seatType" =  "Coach"	[MsgId: MMSG-13992]
Action.c(114): Submitting form to "http://localhost:1080/cgi-bin/reservations.pl", Target Frame=""  	[MsgId: MMSG-27978]
Action.c(114): Resource "http://localhost:1080/WebTours/images/button_next.gif" is in the cache already and will not be downloaded again  	[MsgId: MMSG-26655]
Action.c(114): Notify: Saving Parameter "flightNums_1 = 210;266;04/06/2021".	[MsgId: MMSG-13798]
Action.c(114): Notify: Saving Parameter "flightNums_2 = 211;237;04/06/2021".	[MsgId: MMSG-13798]
Action.c(114): Notify: Saving Parameter "flightNums_3 = 212;251;04/06/2021".	[MsgId: MMSG-13798]
Action.c(114): Notify: Saving Parameter "flightNums_4 = 213;217;04/06/2021".	[MsgId: MMSG-13798]
Action.c(114): Notify: Saving Parameter "flightNums_count = 4".	[MsgId: MMSG-13798]
Action.c(114): Registered web_reg_find successful for "Text=Flight departing from <B>London</B> to <B>Frankfurt</B> on <B>04/06/2021</B>" (count=1)  	[MsgId: MMSG-26364]
Action.c(114): web_submit_form("reservations.pl") was successful, 2443 body bytes, 255 header bytes, 12 chunking overhead bytes  	[MsgId: MMSG-26385]
Action.c(129): Notify: Parameter Substitution: parameter "flightNums_count" =  "4"	[MsgId: MMSG-13992]
Action.c(129): Notify: Parameter Substitution: parameter "flightNums_3" =  "212;251;04/06/2021"	[MsgId: MMSG-13992]
Action.c(129): Notify: Saving Parameter "flightNum = 212;251;04/06/2021".	[MsgId: MMSG-13798]
Action.c(139): Notify: Transaction "search_flights" ended with a "Pass" status (Duration: 0,1079 Wasted Time: 0,0006).	[MsgId: MMSG-16871]
Action.c(141): Notify: Transaction "choose_flight" started.	[MsgId: MMSG-16999]
Action.c(143): web_reg_find started  	[MsgId: MMSG-26355]
Action.c(143): Registering web_reg_find was successful  	[MsgId: MMSG-26390]
Action.c(149): web_submit_form("reservations.pl_2") started  	[MsgId: MMSG-26355]
Action.c(149): Notify: Parameter Substitution: parameter "flightNum" =  "212;251;04/06/2021"	[MsgId: MMSG-13992]
Action.c(149): Submitting form to "http://localhost:1080/cgi-bin/reservations.pl", Target Frame=""  	[MsgId: MMSG-27978]
Action.c(149): Resource "http://localhost:1080/WebTours/images/button_next.gif" is in the cache already and will not be downloaded again  	[MsgId: MMSG-26655]
Action.c(149): Registered web_reg_find successful for "Text=<title>Flight Reservation</title>" (count=1)  	[MsgId: MMSG-26364]
Action.c(149): web_submit_form("reservations.pl_2") was successful, 2887 body bytes, 255 header bytes, 12 chunking overhead bytes  	[MsgId: MMSG-26385]
Action.c(157): Notify: Transaction "choose_flight" ended with a "Pass" status (Duration: 0,2133 Wasted Time: 0,0001).	[MsgId: MMSG-16871]
Action.c(159): Notify: Transaction "buy_ticket" started.	[MsgId: MMSG-16999]
Action.c(161): web_remove_auto_header("Origin") started  	[MsgId: MMSG-26355]
Action.c(161): Previous automatically added web header for "Origin" removed  	[MsgId: MMSG-26587]
Action.c(161): web_remove/revert_auto_header("Origin") was successful  	[MsgId: MMSG-26392]
Action.c(163): web_remove_auto_header("Upgrade-Insecure-Requests") started  	[MsgId: MMSG-26355]
Action.c(163): Previous automatically added web header for "Upgrade-Insecure-Requests" removed  	[MsgId: MMSG-26587]
Action.c(163): web_remove/revert_auto_header("Upgrade-Insecure-Requests") was successful  	[MsgId: MMSG-26392]
Action.c(165): web_add_header("Origin") started  	[MsgId: MMSG-26355]
Action.c(165): web_add_header("Origin") was successful  	[MsgId: MMSG-26392]
Action.c(168): lr_think_time: 21,00 seconds.	[MsgId: MMSG-15948]
Action.c(170): web_reg_find started  	[MsgId: MMSG-26355]
Action.c(170): Registering web_reg_find was successful  	[MsgId: MMSG-26390]
Action.c(173): web_reg_find started  	[MsgId: MMSG-26355]
Action.c(173): Notify: Next row for parameter firstName = 1 [table  = firstName].	[MsgId: MMSG-13876]
Action.c(173): Notify: Parameter Substitution: parameter "firstName" =  "Name1"	[MsgId: MMSG-13992]
Action.c(173): Notify: Next row for parameter lastName = 1 [table  = lastName].	[MsgId: MMSG-13876]
Action.c(173): Notify: Parameter Substitution: parameter "lastName" =  "Surname1"	[MsgId: MMSG-13992]
Action.c(173): Registering web_reg_find was successful  	[MsgId: MMSG-26390]
Action.c(176): web_reg_find started  	[MsgId: MMSG-26355]
Action.c(176): Notify: Parameter Substitution: parameter "seatType" =  "First"	[MsgId: MMSG-13992]
Action.c(176): Notify: Parameter Substitution: parameter "departureCity" =  "San Francisco"	[MsgId: MMSG-13992]
Action.c(176): Notify: Parameter Substitution: parameter "arrivalCity" =  "London"	[MsgId: MMSG-13992]
Action.c(176): Registering web_reg_find was successful  	[MsgId: MMSG-26390]
Action.c(179): web_reg_find started  	[MsgId: MMSG-26355]
Action.c(179): Notify: Next row for parameter cardNumber = 1 [table  = cardNumber].	[MsgId: MMSG-13876]
Action.c(179): Notify: Parameter Substitution: parameter "cardNumber" =  "1111222233334444"	[MsgId: MMSG-13992]
Action.c(179): Registering web_reg_find was successful  	[MsgId: MMSG-26390]
Action.c(185): Notify: Parameter Substitution: parameter "passengersNum" =  "4"	[MsgId: MMSG-13992]
Action.c(202): Notify: Parameter Substitution: parameter "passengersNum" =  "4"	[MsgId: MMSG-13992]
Action.c(203): web_submit_form("reservations.pl_3") started  	[MsgId: MMSG-26355]
Action.c(203): Notify: Next row for parameter firstName = 1 [table  = firstName].	[MsgId: MMSG-13876]
Action.c(203): Notify: Parameter Substitution: parameter "firstName" =  "Name1"	[MsgId: MMSG-13992]
Action.c(203): Notify: Next row for parameter lastName = 1 [table  = lastName].	[MsgId: MMSG-13876]
Action.c(203): Notify: Parameter Substitution: parameter "lastName" =  "Surname1"	[MsgId: MMSG-13992]
Action.c(203): Notify: Next row for parameter street = 1 [table  = street].	[MsgId: MMSG-13876]
Action.c(203): Notify: Parameter Substitution: parameter "street" =  "Street1"	[MsgId: MMSG-13992]
Action.c(203): Notify: Next row for parameter address = 1 [table  = address].	[MsgId: MMSG-13876]
Action.c(203): Notify: Parameter Substitution: parameter "address" =  "Address1"	[MsgId: MMSG-13992]
Action.c(203): Notify: Next row for parameter firstName = 1 [table  = firstName].	[MsgId: MMSG-13876]
Action.c(203): Notify: Parameter Substitution: parameter "firstName" =  "Name1"	[MsgId: MMSG-13992]
Action.c(203): Notify: Next row for parameter lastName = 1 [table  = lastName].	[MsgId: MMSG-13876]
Action.c(203): Notify: Parameter Substitution: parameter "lastName" =  "Surname1"	[MsgId: MMSG-13992]
Action.c(203): Notify: Next row for parameter cardNumber = 1 [table  = cardNumber].	[MsgId: MMSG-13876]
Action.c(203): Notify: Parameter Substitution: parameter "cardNumber" =  "1111222233334444"	[MsgId: MMSG-13992]
Action.c(203): Notify: Next row for parameter expDate = 1 [table  = expDate].	[MsgId: MMSG-13876]
Action.c(203): Notify: Parameter Substitution: parameter "expDate" =  "11/22"	[MsgId: MMSG-13992]
Action.c(203): Submitting form to "http://localhost:1080/cgi-bin/reservations.pl", Target Frame=""  	[MsgId: MMSG-27978]
Action.c(168): Notify: Transaction "buy_ticket" ended with a "Stop" status (Duration: 10,5479).	[MsgId: MMSG-16873]
Action.c(203): Notify: Transaction "buy_ticket" ended with a "Stop" status (Duration: 21,1623 Think Time: 21,0084).	[MsgId: MMSG-16872]
Action.c(168): Notify: Transaction "UC_04_BuyTickets" ended with a "Stop" status (Duration: 11,6712 Wasted Time: 0,0036).	[MsgId: MMSG-16871]
Action.c(203): Notify: Transaction "UC_04_BuyTickets" ended with a "Stop" status (Duration: 22,5274 Think Time: 21,0084 Wasted Time: 0,0038).	[MsgId: MMSG-16870]
Abort was called from an action.	[MsgId: MMSG-10447]
Ending Vuser...	[MsgId: MMSG-15966]
Starting action vuser_end.	[MsgId: MMSG-15919]
Ending action vuser_end.	[MsgId: MMSG-15918]
Vuser Terminated.	[MsgId: MMSG-15963]
Abort was called from an action.	[MsgId: MMSG-10447]
Ending Vuser...	[MsgId: MMSG-15966]
Starting action vuser_end.	[MsgId: MMSG-15919]
Ending action vuser_end.	[MsgId: MMSG-15918]
Vuser Terminated.	[MsgId: MMSG-15963]
Vuser 1 (thread 16228), ended OK."	[MsgId: MMSG-10695]
Vuser 0 (thread 5152), ended OK."	[MsgId: MMSG-10695]
