C:\\Program Files (x86)\\HPE\\LoadRunner\\include/lr_course_lib.h(197):     </style>\n
C:\\Program Files (x86)\\HPE\\LoadRunner\\include/lr_course_lib.h(197):     <form method="post" action="/cgi-bin/login.pl" target="body">\n
C:\\Program Files (x86)\\HPE\\LoadRunner\\include/lr_course_lib.h(197):     <input type="hidden" name="userSession" value="131169.149777238zHtHAVDpVtVzzzzHtAticpAHiif
C:\\Program Files (x86)\\HPE\\LoadRunner\\include/lr_course_lib.h(197):     "/>\n
C:\\Program Files (x86)\\HPE\\LoadRunner\\include/lr_course_lib.h(197):     <table border="0"><tr><td>&nbsp;</td>\n
C:\\Program Files (x86)\\HPE\\LoadRunner\\include/lr_course_lib.h(197):     <td>&nbsp;</td></tr>\n
C:\\Program Files (x86)\\HPE\\LoadRunner\\include/lr_course_lib.h(197):     <tr><td>&nbsp;</td>\n
C:\\Program Files (x86)\\HPE\\LoadRunner\\include/lr_course_lib.h(197):     <td>&nbsp;</td></tr>\n
C:\\Program Files (x86)\\HPE\\LoadRunner\\include/lr_course_lib.h(197):     <tr><td>&nbsp;</td>\n
C:\\Program Files (x86)\\HPE\\LoadRunner\\include/lr_course_lib.h(197):     <td><small>&nbsp;Username</small></td></tr>\n
C:\\Program Files (x86)\\HPE\\LoadRunner\\include/lr_course_lib.h(197):     <tr><td>&nbsp;</td>\n
C:\\Program Files (x86)\\HPE\\LoadRunner\\include/lr_course_lib.h(197):     <td><input type="text" name="username" value="" size="14" maxlength="14"/></td></tr>\n
C:\\Program Files (x86)\\HPE\\LoadRunner\\include/lr_course_lib.h(197):     <tr><td>&nbsp;</td>\n
C:\\Program Files (x86)\\HPE\\LoadRunner\\include/lr_course_lib.h(197):     <td><small>&nbsp;Password</small></td>\n
C:\\Program Files (x86)\\HPE\\LoadRunner\\include/lr_course_lib.h(197):     <tr><td>&nbsp;</td>\n
C:\\Program Files (x86)\\HPE\\LoadRunner\\include/lr_course_lib.h(197):     <td><input type="password" name="password" value="" size="14" maxlength="14"/></td></tr>\n
C:\\Program Files (x86)\\HPE\\LoadRunner\\include/lr_course_lib.h(197):     <tr><td>&nbsp;</td>\n
C:\\Program Files (x86)\\HPE\\LoadRunner\\include/lr_course_lib.h(197):     <td>&nbsp;</td></tr>\n
C:\\Program Files (x86)\\HPE\\LoadRunner\\include/lr_course_lib.h(197):     <tr><td>&nbsp;</td>\n
C:\\Program Files (x86)\\HPE\\LoadRunner\\include/lr_course_lib.h(197):     <td><input type="image" name="login" value="Login" alt="Login" border="1" \n
C:\\Program Files (x86)\\HPE\\LoadRunner\\include/lr_course_lib.h(197):     src="/WebTours/images/mer_login.gif"/></td></tr>\n
C:\\Program Files (x86)\\HPE\\LoadRunner\\include/lr_course_lib.h(197):     <tr><td>&nbsp;</td><td>&nbsp;</td></tr>\n
C:\\Program Files (x86)\\HPE\\LoadRunner\\include/lr_course_lib.h(197):     </table><input type="hidden" name="JSFormSubmit" value="off"/>\n
C:\\Program Files (x86)\\HPE\\LoadRunner\\include/lr_course_lib.h(197):     </form>\n
C:\\Program Files (x86)\\HPE\\LoadRunner\\include/lr_course_lib.h(197):     \n
C:\\Program Files (x86)\\HPE\\LoadRunner\\include/lr_course_lib.h(197):     </body>\n
C:\\Program Files (x86)\\HPE\\LoadRunner\\include/lr_course_lib.h(197):     </html>\n
C:\\Program Files (x86)\\HPE\\LoadRunner\\include/lr_course_lib.h(197): Resource "http://localhost:1080/WebTours/images/mer_login.gif" is in the cache already and will not be downloaded again  	[MsgId: MMSG-26655]
C:\\Program Files (x86)\\HPE\\LoadRunner\\include/lr_course_lib.h(197): t=6372200ms: 5-byte chunked response overhead for "http://localhost:1080/cgi-bin/nav.pl?in=home" (RelFrameId=1.1, Internal ID=1599)
C:\\Program Files (x86)\\HPE\\LoadRunner\\include/lr_course_lib.h(197):     0\r\n
C:\\Program Files (x86)\\HPE\\LoadRunner\\include/lr_course_lib.h(197):     \r\n
C:\\Program Files (x86)\\HPE\\LoadRunner\\include/lr_course_lib.h(197): Registered web_reg_find successful for "Text=Welcome to the Web Tours site." (count=1)  	[MsgId: MMSG-26364]
C:\\Program Files (x86)\\HPE\\LoadRunner\\include/lr_course_lib.h(197): web_image("SignOff Button") was successful, 2175 body bytes, 582 header bytes, 24 chunking overhead bytes  	[MsgId: MMSG-26385]
C:\\Program Files (x86)\\HPE\\LoadRunner\\include/lr_course_lib.h(202): Notify: Transaction "logout" ended with a "Pass" status (Duration: 0,1271 Wasted Time: 0,0000).	[MsgId: MMSG-16871]
Action.c(24): Notify: Transaction "UC_03_SearchFlights" ended with a "Pass" status (Duration: 18,5016 Think Time: 17,0162 Wasted Time: 0,0030).	[MsgId: MMSG-16870]
Ending action Action.	[MsgId: MMSG-15918]
Action was aborted.	[MsgId: MMSG-10694]
Ending Vuser...	[MsgId: MMSG-15966]
Starting action vuser_end.	[MsgId: MMSG-15919]
Ending action vuser_end.	[MsgId: MMSG-15918]
Vuser Terminated.	[MsgId: MMSG-15963]
Vuser 6 (thread 14096), ended OK."	[MsgId: MMSG-10695]
