C:\\Program Files (x86)\\HPE\\LoadRunner\\include/lr_course_lib.h(42):     Accept-Ranges: bytes\r\n
C:\\Program Files (x86)\\HPE\\LoadRunner\\include/lr_course_lib.h(42):     Content-Length: 726\r\n
C:\\Program Files (x86)\\HPE\\LoadRunner\\include/lr_course_lib.h(42):     Keep-Alive: timeout=5, max=99\r\n
C:\\Program Files (x86)\\HPE\\LoadRunner\\include/lr_course_lib.h(42):     Connection: Keep-Alive\r\n
C:\\Program Files (x86)\\HPE\\LoadRunner\\include/lr_course_lib.h(42):     Content-Type: image/gif\r\n
C:\\Program Files (x86)\\HPE\\LoadRunner\\include/lr_course_lib.h(42):     \r\n
C:\\Program Files (x86)\\HPE\\LoadRunner\\include/lr_course_lib.h(42): t=1424648ms: 726-byte response body for "http://localhost:1080/WebTours/images/flights.gif" (RelFrameId=, Internal ID=645)
C:\\Program Files (x86)\\HPE\\LoadRunner\\include/lr_course_lib.h(42): t=1424650ms: 5-byte chunked response overhead for "http://localhost:1080/cgi-bin/nav.pl?page=menu&in=home" (RelFrameId=1.1, Internal ID=643)
C:\\Program Files (x86)\\HPE\\LoadRunner\\include/lr_course_lib.h(42):     0\r\n
C:\\Program Files (x86)\\HPE\\LoadRunner\\include/lr_course_lib.h(42):     \r\n
C:\\Program Files (x86)\\HPE\\LoadRunner\\include/lr_course_lib.h(42): t=1424651ms: 299-byte response headers for "http://localhost:1080/WebTours/images/signoff.gif" (RelFrameId=, Internal ID=648)
C:\\Program Files (x86)\\HPE\\LoadRunner\\include/lr_course_lib.h(42):     HTTP/1.1 200 OK\r\n
C:\\Program Files (x86)\\HPE\\LoadRunner\\include/lr_course_lib.h(42):     Date: Tue, 06 Apr 2021 00:48:52 GMT\r\n
C:\\Program Files (x86)\\HPE\\LoadRunner\\include/lr_course_lib.h(42):     Server: Apache/2.2.21 (Win32)\r\n
C:\\Program Files (x86)\\HPE\\LoadRunner\\include/lr_course_lib.h(42):     Last-Modified: Thu, 12 Jan 2012 13:30:28 GMT\r\n
C:\\Program Files (x86)\\HPE\\LoadRunner\\include/lr_course_lib.h(42):     ETag: "1500000004b062-2ef-4b654c0620500"\r\n
C:\\Program Files (x86)\\HPE\\LoadRunner\\include/lr_course_lib.h(42):     Accept-Ranges: bytes\r\n
C:\\Program Files (x86)\\HPE\\LoadRunner\\include/lr_course_lib.h(42):     Content-Length: 751\r\n
C:\\Program Files (x86)\\HPE\\LoadRunner\\include/lr_course_lib.h(42):     Keep-Alive: timeout=5, max=100\r\n
C:\\Program Files (x86)\\HPE\\LoadRunner\\include/lr_course_lib.h(42):     Connection: Keep-Alive\r\n
C:\\Program Files (x86)\\HPE\\LoadRunner\\include/lr_course_lib.h(42):     Content-Type: image/gif\r\n
C:\\Program Files (x86)\\HPE\\LoadRunner\\include/lr_course_lib.h(42):     \r\n
C:\\Program Files (x86)\\HPE\\LoadRunner\\include/lr_course_lib.h(42): t=1424651ms: 751-byte response body for "http://localhost:1080/WebTours/images/signoff.gif" (RelFrameId=, Internal ID=648)
C:\\Program Files (x86)\\HPE\\LoadRunner\\include/lr_course_lib.h(42): t=1424651ms: 298-byte response headers for "http://localhost:1080/WebTours/images/in_home.gif" (RelFrameId=, Internal ID=647)
C:\\Program Files (x86)\\HPE\\LoadRunner\\include/lr_course_lib.h(42):     HTTP/1.1 200 OK\r\n
C:\\Program Files (x86)\\HPE\\LoadRunner\\include/lr_course_lib.h(42):     Date: Tue, 06 Apr 2021 00:48:52 GMT\r\n
C:\\Program Files (x86)\\HPE\\LoadRunner\\include/lr_course_lib.h(42):     Server: Apache/2.2.21 (Win32)\r\n
C:\\Program Files (x86)\\HPE\\LoadRunner\\include/lr_course_lib.h(42):     Last-Modified: Thu, 12 Jan 2012 13:30:28 GMT\r\n
C:\\Program Files (x86)\\HPE\\LoadRunner\\include/lr_course_lib.h(42):     ETag: "700000004b052-2b0-4b654c0620500"\r\n
C:\\Program Files (x86)\\HPE\\LoadRunner\\include/lr_course_lib.h(42):     Accept-Ranges: bytes\r\n
C:\\Program Files (x86)\\HPE\\LoadRunner\\include/lr_course_lib.h(42):     Content-Length: 688\r\n
C:\\Program Files (x86)\\HPE\\LoadRunner\\include/lr_course_lib.h(42):     Keep-Alive: timeout=5, max=100\r\n
C:\\Program Files (x86)\\HPE\\LoadRunner\\include/lr_course_lib.h(42):     Connection: Keep-Alive\r\n
C:\\Program Files (x86)\\HPE\\LoadRunner\\include/lr_course_lib.h(42):     Content-Type: image/gif\r\n
C:\\Program Files (x86)\\HPE\\LoadRunner\\include/lr_course_lib.h(42):     \r\n
C:\\Program Files (x86)\\HPE\\LoadRunner\\include/lr_course_lib.h(42): t=1424652ms: 688-byte response body for "http://localhost:1080/WebTours/images/in_home.gif" (RelFrameId=, Internal ID=647)
C:\\Program Files (x86)\\HPE\\LoadRunner\\include/lr_course_lib.h(42): t=1424676ms: 297-byte response headers for "http://localhost:1080/WebTours/images/itinerary.gif" (RelFrameId=, Internal ID=646)
C:\\Program Files (x86)\\HPE\\LoadRunner\\include/lr_course_lib.h(42):     HTTP/1.1 200 OK\r\n
C:\\Program Files (x86)\\HPE\\LoadRunner\\include/lr_course_lib.h(42):     Date: Tue, 06 Apr 2021 00:48:52 GMT\r\n
C:\\Program Files (x86)\\HPE\\LoadRunner\\include/lr_course_lib.h(42):     Server: Apache/2.2.21 (Win32)\r\n
C:\\Program Files (x86)\\HPE\\LoadRunner\\include/lr_course_lib.h(42):     Last-Modified: Thu, 12 Jan 2012 13:30:28 GMT\r\n
C:\\Program Files (x86)\\HPE\\LoadRunner\\include/lr_course_lib.h(42):     ETag: "400000004b057-2dd-4b654c0620500"\r\n
C:\\Program Files (x86)\\HPE\\LoadRunner\\include/lr_course_lib.h(42):     Accept-Ranges: bytes\r\n
C:\\Program Files (x86)\\HPE\\LoadRunner\\include/lr_course_lib.h(42):     Content-Length: 733\r\n
C:\\Program Files (x86)\\HPE\\LoadRunner\\include/lr_course_lib.h(42):     Keep-Alive: timeout=5, max=99\r\n
C:\\Program Files (x86)\\HPE\\LoadRunner\\include/lr_course_lib.h(42):     Connection: Keep-Alive\r\n
C:\\Program Files (x86)\\HPE\\LoadRunner\\include/lr_course_lib.h(42):     Content-Type: image/gif\r\n
C:\\Program Files (x86)\\HPE\\LoadRunner\\include/lr_course_lib.h(42):     \r\n
C:\\Program Files (x86)\\HPE\\LoadRunner\\include/lr_course_lib.h(42): t=1424676ms: 733-byte response body for "http://localhost:1080/WebTours/images/itinerary.gif" (RelFrameId=, Internal ID=646)
C:\\Program Files (x86)\\HPE\\LoadRunner\\include/lr_course_lib.h(42): Registered web_reg_find successful for "Text=Welcome, <b>user80263C0B</b>, to the Web Tours reservation pages." (count=1)  	[MsgId: MMSG-26364]
C:\\Program Files (x86)\\HPE\\LoadRunner\\include/lr_course_lib.h(42): web_submit_form("login.pl") was successful, 5787 body bytes, 2096 header bytes, 36 chunking overhead bytes  	[MsgId: MMSG-26385]
C:\\Program Files (x86)\\HPE\\LoadRunner\\include/lr_course_lib.h(49): Notify: Transaction "login" ended with a "Pass" status (Duration: 7,2207 Think Time: 7,0003).	[MsgId: MMSG-16872]
Action.c(62): Notify: Transaction "UC_01_SignUp" ended with a "Pass" status (Duration: 18,8266 Think Time: 18,0009).	[MsgId: MMSG-16872]
Ending action Action.	[MsgId: MMSG-15918]
Action was aborted.	[MsgId: MMSG-10694]
Ending Vuser...	[MsgId: MMSG-15966]
Starting action vuser_end.	[MsgId: MMSG-15919]
Ending action vuser_end.	[MsgId: MMSG-15918]
Vuser Terminated.	[MsgId: MMSG-15963]
Vuser 0 (thread 9336), ended OK."	[MsgId: MMSG-10695]
